c:\users\msi-\desktop\mainwindow_v2\x64\debug\vc141.pdb
c:\users\msi-\desktop\mainwindow_v2\x64\debug\qrimg.obj
c:\users\msi-\desktop\mainwindow_v2\x64\debug\mainwindow.obj
c:\users\msi-\desktop\mainwindow_v2\x64\debug\moc_mtextedit.obj
c:\users\msi-\desktop\mainwindow_v2\x64\debug\global.obj
c:\users\msi-\desktop\mainwindow_v2\x64\debug\mutex_linux.obj
c:\users\msi-\desktop\mainwindow_v2\x64\debug\mutex_win32.obj
c:\users\msi-\desktop\mainwindow_v2\x64\debug\socket.obj
c:\users\msi-\desktop\mainwindow_v2\x64\debug\qrc_resource.obj
c:\users\msi-\desktop\mainwindow_v2\x64\debug\moc_mrichtextedit.obj
c:\users\msi-\desktop\mainwindow_v2\x64\debug\json_reader.obj
c:\users\msi-\desktop\mainwindow_v2\x64\debug\mtextedit.obj
c:\users\msi-\desktop\mainwindow_v2\x64\debug\qrcodegenerator.obj
c:\users\msi-\desktop\mainwindow_v2\x64\debug\rcode.obj
c:\users\msi-\desktop\mainwindow_v2\x64\debug\main.obj
c:\users\msi-\desktop\mainwindow_v2\x64\debug\moc_qrimg.obj
c:\users\msi-\desktop\mainwindow_v2\x64\debug\json_writer.obj
c:\users\msi-\desktop\mainwindow_v2\x64\debug\mrichtextedit.obj
c:\users\msi-\desktop\mainwindow_v2\x64\debug\moc_mainwindow.obj
c:\users\msi-\desktop\mainwindow_v2\x64\debug\json_value.obj
c:\users\msi-\desktop\mainwindow_v2\x64\debug\md5.obj
c:\users\msi-\desktop\mainwindow_v2\x64\debug\semaphore_linux.obj
c:\users\msi-\desktop\mainwindow_v2\x64\debug\semaphore_win32.obj
c:\users\msi-\desktop\mainwindow_v2\x64\debug\thread_linux.obj
c:\users\msi-\desktop\mainwindow_v2\x64\debug\thread_win32.obj
c:\users\msi-\desktop\mainwindow_v2\x64\debug\moc_addpatient.obj
c:\users\msi-\desktop\mainwindow_v2\x64\debug\addpatient.obj
c:\users\msi-\desktop\mainwindow_v2\x64\debug\uploadthread.obj
c:\users\msi-\desktop\mainwindow_v2\x64\debug\moc_rcode.obj
c:\users\msi-\desktop\mainwindow_v2\x64\debug\login.obj
c:\users\msi-\desktop\mainwindow_v2\x64\debug\moc_login.obj
c:\users\msi-\desktop\mainwindow_v2\debug\moc_predefs.h
c:\users\msi-\desktop\mainwindow_v2\generatedfiles\ui_addpatient.h
c:\users\msi-\desktop\mainwindow_v2\generatedfiles\ui_login.h
c:\users\msi-\desktop\mainwindow_v2\generatedfiles\ui_mainwindow.h
c:\users\msi-\desktop\mainwindow_v2\generatedfiles\ui_mrichtextedit.h
c:\users\msi-\desktop\mainwindow_v2\generatedfiles\ui_rcode.h
c:\users\msi-\desktop\mainwindow_v2\generatedfiles\qrc_resource.cpp
c:\users\msi-\desktop\mainwindow_v2\generatedfiles\debug\moc_mainwindow.cpp
c:\users\msi-\desktop\mainwindow_v2\generatedfiles\debug\moc_qrimg.cpp
c:\users\msi-\desktop\mainwindow_v2\generatedfiles\debug\moc_addpatient.cpp
c:\users\msi-\desktop\mainwindow_v2\generatedfiles\debug\moc_mrichtextedit.cpp
c:\users\msi-\desktop\mainwindow_v2\generatedfiles\debug\moc_mtextedit.cpp
c:\users\msi-\desktop\mainwindow_v2\generatedfiles\debug\moc_login.cpp
c:\users\msi-\desktop\mainwindow_v2\generatedfiles\debug\moc_rcode.cpp
c:\users\msi-\desktop\mainwindow_v2\.\generatedfiles\debug\moc_mainwindow.cpp
c:\users\msi-\desktop\mainwindow_v2\.\generatedfiles\debug\moc_qrimg.cpp
c:\users\msi-\desktop\mainwindow_v2\.\generatedfiles\debug\moc_addpatient.cpp
c:\users\msi-\desktop\mainwindow_v2\.\generatedfiles\debug\moc_mrichtextedit.cpp
c:\users\msi-\desktop\mainwindow_v2\.\generatedfiles\debug\moc_mtextedit.cpp
c:\users\msi-\desktop\mainwindow_v2\.\generatedfiles\debug\moc_login.cpp
c:\users\msi-\desktop\mainwindow_v2\.\generatedfiles\debug\moc_rcode.cpp
c:\users\msi-\desktop\mainwindow_v2\x64\debug\mainwindow.res
c:\users\msi-\desktop\mainwindow_v2\.\generatedfiles\qrc_resource.cpp
c:\users\msi-\desktop\mainwindow_v2\.\generatedfiles\ui_addpatient.h
c:\users\msi-\desktop\mainwindow_v2\.\generatedfiles\ui_login.h
c:\users\msi-\desktop\mainwindow_v2\.\generatedfiles\ui_mainwindow.h
c:\users\msi-\desktop\mainwindow_v2\.\generatedfiles\ui_mrichtextedit.h
c:\users\msi-\desktop\mainwindow_v2\.\generatedfiles\ui_rcode.h
c:\users\msi-\desktop\mainwindow_v2\x64\debug\mainwindow_v2.tlog\cl.command.1.tlog
c:\users\msi-\desktop\mainwindow_v2\x64\debug\mainwindow_v2.tlog\cl.read.1.tlog
c:\users\msi-\desktop\mainwindow_v2\x64\debug\mainwindow_v2.tlog\cl.write.1.tlog
c:\users\msi-\desktop\mainwindow_v2\x64\debug\mainwindow_v2.tlog\custombuild.command.1.tlog
c:\users\msi-\desktop\mainwindow_v2\x64\debug\mainwindow_v2.tlog\custombuild.read.1.tlog
c:\users\msi-\desktop\mainwindow_v2\x64\debug\mainwindow_v2.tlog\custombuild.write.1.tlog
c:\users\msi-\desktop\mainwindow_v2\x64\debug\mainwindow_v2.tlog\link-cvtres.read.1.tlog
c:\users\msi-\desktop\mainwindow_v2\x64\debug\mainwindow_v2.tlog\link-cvtres.write.1.tlog
c:\users\msi-\desktop\mainwindow_v2\x64\debug\mainwindow_v2.tlog\link-rc.read.1.tlog
c:\users\msi-\desktop\mainwindow_v2\x64\debug\mainwindow_v2.tlog\link-rc.write.1.tlog
c:\users\msi-\desktop\mainwindow_v2\x64\debug\mainwindow_v2.tlog\link.command.1.tlog
c:\users\msi-\desktop\mainwindow_v2\x64\debug\mainwindow_v2.tlog\link.read.1.tlog
c:\users\msi-\desktop\mainwindow_v2\x64\debug\mainwindow_v2.tlog\link.write.1.tlog
c:\users\msi-\desktop\mainwindow_v2\x64\debug\mainwindow_v2.tlog\mainwindow_v2.write.1u.tlog
c:\users\msi-\desktop\mainwindow_v2\x64\debug\mainwindow_v2.tlog\moc.read.1u.tlog
c:\users\msi-\desktop\mainwindow_v2\x64\debug\mainwindow_v2.tlog\moc.write.1u.tlog
c:\users\msi-\desktop\mainwindow_v2\x64\debug\mainwindow_v2.tlog\rc.command.1.tlog
c:\users\msi-\desktop\mainwindow_v2\x64\debug\mainwindow_v2.tlog\rc.read.1.tlog
c:\users\msi-\desktop\mainwindow_v2\x64\debug\mainwindow_v2.tlog\rc.write.1.tlog
c:\users\msi-\desktop\mainwindow_v2\x64\debug\mainwindow_v2.tlog\rcc.read.1u.tlog
c:\users\msi-\desktop\mainwindow_v2\x64\debug\mainwindow_v2.tlog\rcc.write.1u.tlog
c:\users\msi-\desktop\mainwindow_v2\x64\debug\mainwindow_v2.tlog\uic.read.1u.tlog
c:\users\msi-\desktop\mainwindow_v2\x64\debug\mainwindow_v2.tlog\uic.write.1u.tlog
